<?xml version="1.0" encoding="UTF-8"?>
<!-- Generated by org.testng.reporters.JUnitReportReporter -->
<testsuite hostname="LAPTOP-1CK9T189" failures="0" tests="1" name="IconUIUX2" time="0.471" errors="0" timestamp="2023-02-19T14:54:32 IST" skipped="0">
  <testcase classname="IconUIUX2" name="checkSubmitPages_IconSize_Padding" time="0.471"/>
  <system-out/>
</testsuite> <!-- IconUIUX2 -->
