<?xml version="1.0" encoding="UTF-8"?>
<!-- Generated by org.testng.reporters.JUnitReportReporter -->
<testsuite hostname="LAPTOP-1CK9T189" failures="0" tests="1" name="Settings3" time="7.307" errors="0" timestamp="2023-01-24T16:13:02 IST" skipped="0">
  <testcase classname="Settings3" name="verifyUIUX" time="7.307"/>
  <system-out/>
</testsuite> <!-- Settings3 -->
