<?xml version="1.0" encoding="UTF-8"?>
<!-- Generated by org.testng.reporters.JUnitReportReporter -->
<testsuite hostname="LAPTOP-1CK9T189" failures="0" tests="1" name="SettingsWithAllErrors" time="0.528" errors="0" timestamp="2023-03-01T13:32:48 IST" skipped="0">
  <testcase classname="SettingsWithAllErrors" name="verifyUIUX" time="0.528"/>
  <system-out/>
</testsuite> <!-- SettingsWithAllErrors -->
